<?xml version="1.0" encoding="UTF-8"?>
<testsuite xmlns:xsi="http://www.w3.org/2001/XMLSchema-instance" xsi:noNamespaceSchemaLocation="https://maven.apache.org/surefire/maven-surefire-plugin/xsd/surefire-test-report-3.0.xsd" version="3.0" name="org.alongolov.QuadraticSolverTest" time="0.073" tests="3" errors="0" skipped="0" failures="0">
  <properties>
[...]
</properties>
  <testcase name="solve0" classname="org.alongolov.QuadraticSolverTest" time="0.042"/>
  <testcase name="solve1" classname="org.alongolov.QuadraticSolverTest" time="0.002"/>
  <testcase name="solve2" classname="org.alongolov.QuadraticSolverTest" time="0.002"/>
</testsuite>